<?xml version="1.0" encoding="UTF-8"?>
<!-- Generated by org.testng.reporters.JUnitReportReporter -->
<testsuite hostname="Aspire7" failures="0" tests="1" name="com.sauceDemo.TestClasses.TC05_VerifyProductCanBeSelectedAndMovedToCheckout" time="2.670" errors="0" timestamp="2023-01-04T17:01:32 IST" skipped="0">
  <testcase classname="com.sauceDemo.TestClasses.TC05_VerifyProductCanBeSelectedAndMovedToCheckout" name="verifyProductCanBeSelectedAndMovedToCheckout" time="2.670"/>
  <system-out/>
</testsuite> <!-- com.sauceDemo.TestClasses.TC05_VerifyProductCanBeSelectedAndMovedToCheckout -->
